TN:
SF:src/modules/statements/useCases/createStatement/CreateStatementController.ts
FN:7,Object.<anonymous>.OperationType
FN:13,CreateStatementController
FN:14,Object.<anonymous>.CreateStatementController.execute
FNF:3
FNH:3
FNDA:1,Object.<anonymous>.OperationType
FNDA:1,CreateStatementController
FNDA:8,Object.<anonymous>.CreateStatementController.execute
DA:1,1
DA:2,1
DA:3,1
DA:4,1
DA:5,1
DA:6,1
DA:7,1
DA:8,1
DA:9,1
DA:10,1
DA:11,1
DA:12,1
DA:13,1
DA:14,1
DA:15,8
DA:16,8
DA:17,8
DA:18,8
DA:19,8
DA:20,8
DA:21,8
DA:22,8
DA:23,8
DA:24,8
DA:25,8
DA:26,8
DA:27,8
DA:28,8
DA:29,8
DA:30,8
DA:31,8
DA:32,8
DA:33,1
LF:33
LH:33
BRDA:7,0,0,1
BRDA:13,1,0,1
BRDA:13,2,0,1
BRDA:14,3,0,8
BRF:4
BRH:4
end_of_record
TN:
SF:src/modules/statements/useCases/createStatement/CreateStatementError.ts
FN:3,Object.<anonymous>.exports.CreateStatementError.exports.CreateStatementError
FN:5,UserNotFound
FN:11,InsufficientFunds
FNF:3
FNH:2
FNDA:1,Object.<anonymous>.exports.CreateStatementError.exports.CreateStatementError
FNDA:0,UserNotFound
FNDA:2,InsufficientFunds
DA:1,1
DA:2,1
DA:3,1
DA:4,1
DA:5,1
DA:6,0
DA:7,0
DA:8,1
DA:9,1
DA:10,1
DA:11,1
DA:12,2
DA:13,2
DA:14,1
DA:15,1
LF:15
LH:13
BRDA:3,0,0,1
BRDA:4,1,0,1
BRDA:10,2,0,1
BRDA:11,3,0,2
BRF:4
BRH:4
end_of_record
TN:
SF:src/modules/statements/useCases/createStatement/CreateStatementUseCase.ts
FN:10,CreateStatementUseCase
FN:18,Object.<anonymous>.CreateStatementUseCase.execute
FNF:2
FNH:2
FNDA:8,CreateStatementUseCase
FNDA:8,Object.<anonymous>.CreateStatementUseCase.execute
DA:1,1
DA:2,1
DA:3,1
DA:4,1
DA:5,1
DA:6,1
DA:7,1
DA:8,1
DA:9,1
DA:10,1
DA:11,8
DA:12,8
DA:13,8
DA:14,8
DA:15,8
DA:16,8
DA:17,1
DA:18,1
DA:19,8
DA:20,8
DA:21,8
DA:22,0
DA:23,0
DA:24,8
DA:25,8
DA:26,2
DA:27,8
DA:28,8
DA:29,8
DA:30,8
DA:31,8
DA:32,8
DA:33,8
DA:34,8
DA:35,0
DA:36,0
DA:37,2
DA:38,8
DA:39,8
DA:40,8
DA:41,8
DA:42,8
DA:43,8
DA:44,8
DA:45,8
DA:46,6
DA:47,6
DA:48,6
DA:49,6
DA:50,6
DA:51,6
DA:52,8
DA:53,8
DA:54,8
DA:55,1
LF:55
LH:51
BRDA:9,0,0,1
BRDA:10,1,0,8
BRDA:18,2,0,8
BRDA:19,3,0,8
BRDA:21,4,0,0
BRDA:25,5,0,6
BRDA:25,6,0,2
BRDA:33,7,0,5
BRDA:33,8,0,2
BRDA:34,9,0,0
BRDA:37,10,0,2
BRDA:38,11,0,0
BRDA:45,12,0,6
BRF:13
BRH:10
end_of_record
TN:
SF:src/modules/statements/useCases/createStatement/ICreateStatementDTO.ts
FN:1,(empty-report)
FNF:1
FNH:0
FNDA:0,(empty-report)
DA:1,0
DA:2,0
DA:3,0
DA:4,0
DA:5,0
DA:6,0
DA:7,0
DA:8,0
DA:9,0
DA:10,0
DA:11,0
LF:11
LH:0
BRDA:1,0,0,0
BRF:1
BRH:0
end_of_record
TN:
SF:src/modules/statements/useCases/getBalance/GetBalanceController.ts
FN:7,GetBalanceController
FN:8,Object.<anonymous>.GetBalanceController.execute
FNF:2
FNH:1
FNDA:1,GetBalanceController
FNDA:0,Object.<anonymous>.GetBalanceController.execute
DA:1,1
DA:2,1
DA:3,1
DA:4,1
DA:5,1
DA:6,1
DA:7,1
DA:8,1
DA:9,0
DA:10,0
DA:11,0
DA:12,0
DA:13,0
DA:14,0
DA:15,0
DA:16,0
DA:17,0
DA:18,0
DA:19,1
LF:19
LH:9
BRDA:7,0,0,1
BRDA:7,1,0,1
BRDA:8,2,0,0
BRF:3
BRH:2
end_of_record
TN:
SF:src/modules/statements/useCases/getBalance/GetBalanceError.ts
FN:4,GetBalanceError
FNF:1
FNH:0
FNDA:0,GetBalanceError
DA:1,1
DA:2,1
DA:3,1
DA:4,1
DA:5,0
DA:6,0
DA:7,1
LF:7
LH:5
BRDA:3,0,0,1
BRF:1
BRH:1
end_of_record
TN:
SF:src/modules/statements/useCases/getBalance/GetBalanceUseCase.ts
FN:19,GetBalanceUseCase
FN:27,Object.<anonymous>.GetBalanceUseCase.execute
FNF:2
FNH:0
FNDA:0,GetBalanceUseCase
FNDA:0,Object.<anonymous>.GetBalanceUseCase.execute
DA:1,1
DA:2,1
DA:3,1
DA:4,1
DA:5,1
DA:6,1
DA:7,1
DA:8,1
DA:9,1
DA:10,1
DA:11,1
DA:12,1
DA:13,1
DA:14,1
DA:15,1
DA:16,1
DA:17,1
DA:18,1
DA:19,1
DA:20,0
DA:21,0
DA:22,0
DA:23,0
DA:24,0
DA:25,0
DA:26,1
DA:27,1
DA:28,0
DA:29,0
DA:30,0
DA:31,0
DA:32,0
DA:33,0
DA:34,0
DA:35,0
DA:36,0
DA:37,0
DA:38,0
DA:39,0
DA:40,0
DA:41,1
LF:41
LH:22
BRDA:18,0,0,1
BRF:1
BRH:1
end_of_record
TN:
SF:src/modules/statements/useCases/getBalance/IGetBalanceDTO.ts
FN:1,(empty-report)
FNF:1
FNH:0
FNDA:0,(empty-report)
DA:1,0
DA:2,0
DA:3,0
DA:4,0
LF:4
LH:0
BRDA:1,0,0,0
BRF:1
BRH:0
end_of_record
TN:
SF:src/modules/statements/useCases/getStatementOperation/GetStatementOperationController.ts
FN:6,GetStatementOperationController
FN:7,Object.<anonymous>.GetStatementOperationController.execute
FNF:2
FNH:2
FNDA:1,GetStatementOperationController
FNDA:1,Object.<anonymous>.GetStatementOperationController.execute
DA:1,1
DA:2,1
DA:3,1
DA:4,1
DA:5,1
DA:6,1
DA:7,1
DA:8,1
DA:9,1
DA:10,1
DA:11,1
DA:12,1
DA:13,1
DA:14,1
DA:15,1
DA:16,1
DA:17,1
DA:18,1
DA:19,1
DA:20,1
LF:20
LH:20
BRDA:6,0,0,1
BRDA:6,1,0,1
BRDA:7,2,0,1
BRF:3
BRH:3
end_of_record
TN:
SF:src/modules/statements/useCases/getStatementOperation/GetStatementOperationError.ts
FN:3,Object.<anonymous>.exports.GetStatementOperationError.exports.GetStatementOperationError
FN:5,UserNotFound
FN:11,StatementNotFound
FNF:3
FNH:1
FNDA:1,Object.<anonymous>.exports.GetStatementOperationError.exports.GetStatementOperationError
FNDA:0,UserNotFound
FNDA:0,StatementNotFound
DA:1,1
DA:2,1
DA:3,1
DA:4,1
DA:5,1
DA:6,0
DA:7,0
DA:8,1
DA:9,1
DA:10,1
DA:11,1
DA:12,0
DA:13,0
DA:14,1
DA:15,1
LF:15
LH:11
BRDA:3,0,0,1
BRDA:4,1,0,1
BRDA:10,2,0,1
BRF:3
BRH:3
end_of_record
TN:
SF:src/modules/statements/useCases/getStatementOperation/GetStatementOperationUseCase.ts
FN:14,GetStatementOperationUseCase
FN:22,Object.<anonymous>.GetStatementOperationUseCase.execute
FNF:2
FNH:2
FNDA:1,GetStatementOperationUseCase
FNDA:1,Object.<anonymous>.GetStatementOperationUseCase.execute
DA:1,1
DA:2,1
DA:3,1
DA:4,1
DA:5,1
DA:6,1
DA:7,1
DA:8,1
DA:9,1
DA:10,1
DA:11,1
DA:12,1
DA:13,1
DA:14,1
DA:15,1
DA:16,1
DA:17,1
DA:18,1
DA:19,1
DA:20,1
DA:21,1
DA:22,1
DA:23,1
DA:24,1
DA:25,1
DA:26,0
DA:27,0
DA:28,1
DA:29,1
DA:30,1
DA:31,1
DA:32,1
DA:33,0
DA:34,0
DA:35,1
DA:36,1
DA:37,1
DA:38,1
LF:38
LH:34
BRDA:13,0,0,1
BRDA:14,1,0,1
BRDA:22,2,0,1
BRDA:23,3,0,1
BRDA:25,4,0,0
BRDA:32,5,0,0
BRF:6
BRH:4
end_of_record
TN:
SF:src/modules/statements/useCases/getStatementOperation/IGetStatementOperationDTO.ts
FN:1,(empty-report)
FNF:1
FNH:0
FNDA:0,(empty-report)
DA:1,0
DA:2,0
DA:3,0
DA:4,0
LF:4
LH:0
BRDA:1,0,0,0
BRF:1
BRH:0
end_of_record
TN:
SF:src/modules/users/useCases/authenticateUser/AuthenticateUserController.ts
FN:6,AuthenticateUserController
FN:7,Object.<anonymous>.AuthenticateUserController.execute
FNF:2
FNH:2
FNDA:1,AuthenticateUserController
FNDA:8,Object.<anonymous>.AuthenticateUserController.execute
DA:1,1
DA:2,1
DA:3,1
DA:4,1
DA:5,1
DA:6,1
DA:7,1
DA:8,8
DA:9,8
DA:10,8
DA:11,8
DA:12,8
DA:13,8
DA:14,8
DA:15,8
DA:16,8
DA:17,8
DA:18,8
DA:19,1
LF:19
LH:19
BRDA:6,0,0,1
BRDA:6,1,0,1
BRDA:7,2,0,8
BRF:3
BRH:3
end_of_record
TN:
SF:src/modules/users/useCases/authenticateUser/AuthenticateUserUseCase.ts
FN:18,AuthenticateUserUseCase
FN:23,Object.<anonymous>.AuthenticateUserUseCase.execute
FNF:2
FNH:2
FNDA:8,AuthenticateUserUseCase
FNDA:8,Object.<anonymous>.AuthenticateUserUseCase.execute
DA:1,1
DA:2,1
DA:3,1
DA:4,1
DA:5,1
DA:6,1
DA:7,1
DA:8,1
DA:9,1
DA:10,1
DA:11,1
DA:12,1
DA:13,1
DA:14,1
DA:15,1
DA:16,1
DA:17,1
DA:18,1
DA:19,8
DA:20,8
DA:21,8
DA:22,1
DA:23,1
DA:24,8
DA:25,8
DA:26,8
DA:27,0
DA:28,0
DA:29,8
DA:30,8
DA:31,8
DA:32,8
DA:33,0
DA:34,0
DA:35,8
DA:36,8
DA:37,8
DA:38,8
DA:39,8
DA:40,8
DA:41,8
DA:42,8
DA:43,8
DA:44,8
DA:45,8
DA:46,8
DA:47,8
DA:48,8
DA:49,8
DA:50,8
DA:51,8
DA:52,1
LF:52
LH:48
BRDA:17,0,0,1
BRDA:18,1,0,8
BRDA:23,2,0,8
BRDA:24,3,0,8
BRDA:26,4,0,0
BRDA:32,5,0,0
BRF:6
BRH:4
end_of_record
TN:
SF:src/modules/users/useCases/authenticateUser/IAuthenticateUserResponseDTO.ts
FN:1,(empty-report)
FNF:1
FNH:0
FNDA:0,(empty-report)
DA:1,0
DA:2,0
DA:3,0
DA:4,0
DA:5,0
DA:6,0
LF:6
LH:0
BRDA:1,0,0,0
BRF:1
BRH:0
end_of_record
TN:
SF:src/modules/users/useCases/authenticateUser/IncorrectEmailOrPasswordError.ts
FN:4,IncorrectEmailOrPasswordError
FNF:1
FNH:0
FNDA:0,IncorrectEmailOrPasswordError
DA:1,1
DA:2,1
DA:3,1
DA:4,1
DA:5,0
DA:6,0
DA:7,1
LF:7
LH:5
BRDA:3,0,0,1
BRF:1
BRH:1
end_of_record
TN:
SF:src/modules/users/useCases/createUser/CreateUserController.ts
FN:6,CreateUserController
FN:7,Object.<anonymous>.CreateUserController.execute
FNF:2
FNH:2
FNDA:1,CreateUserController
FNDA:8,Object.<anonymous>.CreateUserController.execute
DA:1,1
DA:2,1
DA:3,1
DA:4,1
DA:5,1
DA:6,1
DA:7,1
DA:8,8
DA:9,8
DA:10,8
DA:11,8
DA:12,8
DA:13,8
DA:14,8
DA:15,8
DA:16,8
DA:17,8
DA:18,8
DA:19,8
DA:20,1
LF:20
LH:20
BRDA:6,0,0,1
BRDA:6,1,0,1
BRDA:7,2,0,8
BRF:3
BRH:3
end_of_record
TN:
SF:src/modules/users/useCases/createUser/CreateUserError.ts
FN:4,CreateUserError
FNF:1
FNH:0
FNDA:0,CreateUserError
DA:1,1
DA:2,1
DA:3,1
DA:4,1
DA:5,0
DA:6,0
DA:7,1
LF:7
LH:5
BRDA:3,0,0,1
BRF:1
BRH:1
end_of_record
TN:
SF:src/modules/users/useCases/createUser/CreateUserUseCase.ts
FN:11,CreateUserUseCase
FN:16,Object.<anonymous>.CreateUserUseCase.execute
FNF:2
FNH:2
FNDA:8,CreateUserUseCase
FNDA:8,Object.<anonymous>.CreateUserUseCase.execute
DA:1,1
DA:2,1
DA:3,1
DA:4,1
DA:5,1
DA:6,1
DA:7,1
DA:8,1
DA:9,1
DA:10,1
DA:11,1
DA:12,8
DA:13,8
DA:14,8
DA:15,1
DA:16,1
DA:17,8
DA:18,8
DA:19,8
DA:20,0
DA:21,0
DA:22,8
DA:23,8
DA:24,8
DA:25,8
DA:26,8
DA:27,8
DA:28,8
DA:29,8
DA:30,8
DA:31,8
DA:32,8
DA:33,1
LF:33
LH:31
BRDA:10,0,0,1
BRDA:11,1,0,8
BRDA:16,2,0,8
BRDA:17,3,0,8
BRDA:19,4,0,0
BRF:5
BRH:4
end_of_record
TN:
SF:src/modules/users/useCases/createUser/ICreateUserDTO.ts
FN:1,(empty-report)
FNF:1
FNH:0
FNDA:0,(empty-report)
DA:1,0
DA:2,0
DA:3,0
DA:4,0
DA:5,0
LF:5
LH:0
BRDA:1,0,0,0
BRF:1
BRH:0
end_of_record
TN:
SF:src/modules/users/useCases/showUserProfile/ShowUserProfileController.ts
FN:7,ShowUserProfileController
FN:8,Object.<anonymous>.ShowUserProfileController.execute
FNF:2
FNH:1
FNDA:1,ShowUserProfileController
FNDA:0,Object.<anonymous>.ShowUserProfileController.execute
DA:1,1
DA:2,1
DA:3,1
DA:4,1
DA:5,1
DA:6,1
DA:7,1
DA:8,1
DA:9,0
DA:10,0
DA:11,0
DA:12,0
DA:13,0
DA:14,0
DA:15,0
DA:16,0
DA:17,0
DA:18,0
DA:19,1
LF:19
LH:9
BRDA:7,0,0,1
BRDA:7,1,0,1
BRDA:8,2,0,0
BRF:3
BRH:2
end_of_record
TN:
SF:src/modules/users/useCases/showUserProfile/ShowUserProfileError.ts
FN:4,ShowUserProfileError
FNF:1
FNH:0
FNDA:0,ShowUserProfileError
DA:1,1
DA:2,1
DA:3,1
DA:4,1
DA:5,0
DA:6,0
DA:7,1
LF:7
LH:5
BRDA:3,0,0,1
BRF:1
BRH:1
end_of_record
TN:
SF:src/modules/users/useCases/showUserProfile/ShowUserProfileUseCase.ts
FN:8,ShowUserProfileUseCase
FN:13,Object.<anonymous>.ShowUserProfileUseCase.execute
FNF:2
FNH:0
FNDA:0,ShowUserProfileUseCase
FNDA:0,Object.<anonymous>.ShowUserProfileUseCase.execute
DA:1,1
DA:2,1
DA:3,1
DA:4,1
DA:5,1
DA:6,1
DA:7,1
DA:8,1
DA:9,0
DA:10,0
DA:11,0
DA:12,1
DA:13,1
DA:14,0
DA:15,0
DA:16,0
DA:17,0
DA:18,0
DA:19,0
DA:20,0
DA:21,0
DA:22,1
LF:22
LH:11
BRDA:7,0,0,1
BRF:1
BRH:1
end_of_record
